[debug] [2019-08-05T15:43:37.974Z] ----------------------------------------------------------------------
[debug] [2019-08-05T15:43:37.978Z] Command:       C:\Program Files\nodejs\node.exe C:\Users\nair_\AppData\Roaming\npm\node_modules\firebase-tools\lib\bin\firebase.js login
[debug] [2019-08-05T15:43:37.978Z] CLI Version:   7.2.2
[debug] [2019-08-05T15:43:37.978Z] Platform:      win32
[debug] [2019-08-05T15:43:37.978Z] Node Version:  v10.16.0
[debug] [2019-08-05T15:43:37.980Z] Time:          Mon Aug 05 2019 21:13:37 GMT+0530 (India Standard Time)
[debug] [2019-08-05T15:43:37.980Z] ----------------------------------------------------------------------
[debug] 
[info] 
[info] Visit this URL on any device to log in:
[info] https://accounts.google.com/o/oauth2/auth?client_id=563584335869-fgrhgmd47bqnekij5i8b5pr03ho849e6.apps.googleusercontent.com&scope=email%20openid%20https%3A%2F%2Fwww.googleapis.com%2Fauth%2Fcloudplatformprojects.readonly%20https%3A%2F%2Fwww.googleapis.com%2Fauth%2Ffirebase%20https%3A%2F%2Fwww.googleapis.com%2Fauth%2Fcloud-platform&response_type=code&state=960424992&redirect_uri=http%3A%2F%2Flocalhost%3A9005
[info] 
[info] Waiting for authentication...
[debug] [2019-08-05T15:44:28.382Z] ----------------------------------------------------------------------
[debug] [2019-08-05T15:44:28.386Z] Command:       C:\Program Files\nodejs\node.exe C:\Users\nair_\AppData\Roaming\npm\node_modules\firebase-tools\lib\bin\firebase.js login
[debug] [2019-08-05T15:44:28.387Z] CLI Version:   7.2.2
[debug] [2019-08-05T15:44:28.387Z] Platform:      win32
[debug] [2019-08-05T15:44:28.387Z] Node Version:  v10.16.0
[debug] [2019-08-05T15:44:28.389Z] Time:          Mon Aug 05 2019 21:14:28 GMT+0530 (India Standard Time)
[debug] [2019-08-05T15:44:28.389Z] ----------------------------------------------------------------------
[debug] 
[info] 
[info] Visit this URL on any device to log in:
[info] https://accounts.google.com/o/oauth2/auth?client_id=563584335869-fgrhgmd47bqnekij5i8b5pr03ho849e6.apps.googleusercontent.com&scope=email%20openid%20https%3A%2F%2Fwww.googleapis.com%2Fauth%2Fcloudplatformprojects.readonly%20https%3A%2F%2Fwww.googleapis.com%2Fauth%2Ffirebase%20https%3A%2F%2Fwww.googleapis.com%2Fauth%2Fcloud-platform&response_type=code&state=1072217638&redirect_uri=http%3A%2F%2Flocalhost%3A9005
[info] 
[info] Waiting for authentication...
[debug] [2019-08-05T15:46:27.826Z] ----------------------------------------------------------------------
[debug] [2019-08-05T15:46:27.841Z] Command:       C:\Program Files\nodejs\node.exe C:\Users\nair_\AppData\Roaming\npm\node_modules\firebase-tools\lib\bin\firebase.js login
[debug] [2019-08-05T15:46:27.842Z] CLI Version:   7.2.2
[debug] [2019-08-05T15:46:27.842Z] Platform:      win32
[debug] [2019-08-05T15:46:27.842Z] Node Version:  v10.16.0
[debug] [2019-08-05T15:46:27.915Z] Time:          Mon Aug 05 2019 21:16:27 GMT+0530 (India Standard Time)
[debug] [2019-08-05T15:46:27.915Z] ----------------------------------------------------------------------
[debug] 
[info] 
[info] Visit this URL on any device to log in:
[info] https://accounts.google.com/o/oauth2/auth?client_id=563584335869-fgrhgmd47bqnekij5i8b5pr03ho849e6.apps.googleusercontent.com&scope=email%20openid%20https%3A%2F%2Fwww.googleapis.com%2Fauth%2Fcloudplatformprojects.readonly%20https%3A%2F%2Fwww.googleapis.com%2Fauth%2Ffirebase%20https%3A%2F%2Fwww.googleapis.com%2Fauth%2Fcloud-platform&response_type=code&state=322733471&redirect_uri=http%3A%2F%2Flocalhost%3A9005
[info] 
[info] Waiting for authentication...
